<?xml version="1.0" encoding="UTF-8"?>
<coverage generated="1569045127795" clover="3.2.0">
  <project timestamp="1569045127795" name="All files">
    <metrics statements="99" coveredstatements="58" conditionals="31" coveredconditionals="29" methods="10" coveredmethods="9" elements="140" coveredelements="96" complexity="0" loc="99" ncloc="99" packages="1" files="2" classes="2"/>
    <file name="util.js" path="C:\Users\vrath\Documents\GitHub\js-testing-introduction\src\util.js">
      <metrics statements="83" coveredstatements="42" conditionals="20" coveredconditionals="18" methods="6" coveredmethods="5"/>
      <line num="1" count="6" type="stmt"/>
      <line num="4" count="6" type="stmt"/>
      <line num="16" count="6" type="stmt"/>
      <line num="17" count="29" type="stmt"/>
      <line num="18" count="29" type="stmt"/>
      <line num="22" count="6" type="stmt"/>
      <line num="23" count="38" type="stmt"/>
      <line num="24" count="38" type="stmt"/>
      <line num="25" count="38" type="stmt"/>
      <line num="26" count="38" type="stmt"/>
      <line num="27" count="38" type="stmt"/>
      <line num="28" count="38" type="stmt"/>
      <line num="29" count="38" type="cond" truecount="2" falsecount="0"/>
      <line num="30" count="10" type="stmt"/>
      <line num="31" count="28" type="cond" truecount="2" falsecount="0"/>
      <line num="32" count="4" type="cond" truecount="2" falsecount="0"/>
      <line num="33" count="2" type="cond" truecount="2" falsecount="0"/>
      <line num="34" count="1" type="stmt"/>
      <line num="36" count="1" type="stmt"/>
      <line num="39" count="2" type="stmt"/>
      <line num="41" count="24" type="cond" truecount="2" falsecount="0"/>
      <line num="42" count="2" type="stmt"/>
      <line num="43" count="22" type="cond" truecount="2" falsecount="0"/>
      <line num="44" count="10" type="stmt"/>
      <line num="46" count="12" type="cond" truecount="2" falsecount="0"/>
      <line num="47" count="5" type="stmt"/>
      <line num="50" count="7" type="stmt"/>
      <line num="56" count="6" type="stmt"/>
      <line num="57" count="32" type="cond" truecount="2" falsecount="0"/>
      <line num="58" count="20" type="stmt"/>
      <line num="60" count="12" type="stmt"/>
      <line num="65" count="6" type="stmt"/>
      <line num="67" count="3" type="stmt"/>
      <line num="68" count="3" type="stmt"/>
      <line num="69" count="3" type="stmt"/>
      <line num="70" count="3" type="stmt"/>
      <line num="71" count="3" type="stmt"/>
      <line num="75" count="6" type="stmt"/>
      <line num="76" count="3" type="cond" truecount="2" falsecount="0"/>
      <line num="77" count="1" type="stmt"/>
      <line num="79" count="2" type="stmt"/>
      <line num="83" count="6" type="stmt"/>
      <line num="85" count="0" type="stmt"/>
      <line num="87" count="0" type="stmt"/>
      <line num="90" count="0" type="stmt"/>
      <line num="91" count="0" type="stmt"/>
      <line num="92" count="0" type="stmt"/>
      <line num="93" count="0" type="stmt"/>
      <line num="94" count="0" type="stmt"/>
      <line num="95" count="0" type="stmt"/>
      <line num="96" count="0" type="stmt"/>
      <line num="98" count="0" type="cond" truecount="0" falsecount="2"/>
      <line num="100" count="0" type="stmt"/>
      <line num="101" count="0" type="stmt"/>
      <line num="102" count="0" type="stmt"/>
      <line num="103" count="0" type="stmt"/>
      <line num="104" count="0" type="stmt"/>
      <line num="105" count="0" type="stmt"/>
      <line num="106" count="0" type="stmt"/>
      <line num="110" count="0" type="stmt"/>
      <line num="111" count="0" type="stmt"/>
      <line num="112" count="0" type="stmt"/>
      <line num="113" count="0" type="stmt"/>
      <line num="115" count="0" type="stmt"/>
      <line num="116" count="0" type="stmt"/>
      <line num="118" count="0" type="stmt"/>
      <line num="119" count="0" type="stmt"/>
      <line num="121" count="0" type="stmt"/>
      <line num="122" count="0" type="stmt"/>
      <line num="124" count="0" type="stmt"/>
      <line num="125" count="0" type="stmt"/>
      <line num="126" count="0" type="stmt"/>
      <line num="127" count="0" type="stmt"/>
      <line num="128" count="0" type="stmt"/>
      <line num="129" count="0" type="stmt"/>
      <line num="133" count="0" type="stmt"/>
      <line num="134" count="0" type="stmt"/>
      <line num="135" count="0" type="stmt"/>
      <line num="136" count="0" type="stmt"/>
      <line num="137" count="0" type="stmt"/>
      <line num="138" count="0" type="stmt"/>
      <line num="140" count="0" type="stmt"/>
      <line num="142" count="0" type="stmt"/>
    </file>
    <file name="validations.js" path="C:\Users\vrath\Documents\GitHub\js-testing-introduction\src\validations.js">
      <metrics statements="16" coveredstatements="16" conditionals="11" coveredconditionals="11" methods="4" coveredmethods="4"/>
      <line num="2" count="7" type="stmt"/>
      <line num="3" count="6" type="cond" truecount="5" falsecount="0"/>
      <line num="4" count="1" type="stmt"/>
      <line num="6" count="5" type="stmt"/>
      <line num="9" count="7" type="stmt"/>
      <line num="10" count="10" type="cond" truecount="2" falsecount="0"/>
      <line num="11" count="6" type="stmt"/>
      <line num="14" count="4" type="stmt"/>
      <line num="18" count="7" type="stmt"/>
      <line num="19" count="8" type="cond" truecount="2" falsecount="0"/>
      <line num="20" count="3" type="stmt"/>
      <line num="23" count="5" type="stmt"/>
      <line num="27" count="7" type="stmt"/>
      <line num="28" count="6" type="cond" truecount="2" falsecount="0"/>
      <line num="29" count="4" type="stmt"/>
      <line num="32" count="2" type="stmt"/>
    </file>
  </project>
</coverage>
