{"C:\\Users\\vrath\\Documents\\GitHub\\js-testing-introduction\\src\\util.js": {"path":"C:\\Users\\vrath\\Documents\\GitHub\\js-testing-introduction\\src\\util.js","statementMap":{"0":{"start":{"line":1,"column":26},"end":{"line":1,"column":50}},"1":{"start":{"line":4,"column":0},"end":{"line":12,"column":2}},"2":{"start":{"line":16,"column":0},"end":{"line":19,"column":2}},"3":{"start":{"line":17,"column":2},"end":{"line":17,"column":79}},"4":{"start":{"line":18,"column":2},"end":{"line":18,"column":16}},"5":{"start":{"line":22,"column":0},"end":{"line":53,"column":2}},"6":{"start":{"line":23,"column":17},"end":{"line":23,"column":21}},"7":{"start":{"line":24,"column":17},"end":{"line":24,"column":22}},"8":{"start":{"line":25,"column":17},"end":{"line":25,"column":21}},"9":{"start":{"line":26,"column":17},"end":{"line":26,"column":21}},"10":{"start":{"line":27,"column":29},"end":{"line":27,"column":33}},"11":{"start":{"line":28,"column":24},"end":{"line":28,"column":28}},"12":{"start":{"line":29,"column":2},"end":{"line":52,"column":3}},"13":{"start":{"line":30,"column":4},"end":{"line":30,"column":15}},"14":{"start":{"line":31,"column":9},"end":{"line":52,"column":3}},"15":{"start":{"line":32,"column":4},"end":{"line":40,"column":5}},"16":{"start":{"line":33,"column":6},"end":{"line":37,"column":7}},"17":{"start":{"line":34,"column":8},"end":{"line":34,"column":89}},"18":{"start":{"line":36,"column":8},"end":{"line":36,"column":17}},"19":{"start":{"line":39,"column":6},"end":{"line":39,"column":109}},"20":{"start":{"line":41,"column":9},"end":{"line":52,"column":3}},"21":{"start":{"line":42,"column":4},"end":{"line":42,"column":135}},"22":{"start":{"line":43,"column":9},"end":{"line":52,"column":3}},"23":{"start":{"line":44,"column":4},"end":{"line":44,"column":137}},"24":{"start":{"line":46,"column":4},"end":{"line":49,"column":5}},"25":{"start":{"line":47,"column":6},"end":{"line":48,"column":64}},"26":{"start":{"line":50,"column":4},"end":{"line":50,"column":135}},"27":{"start":{"line":56,"column":0},"end":{"line":62,"column":2}},"28":{"start":{"line":57,"column":2},"end":{"line":61,"column":3}},"29":{"start":{"line":58,"column":4},"end":{"line":58,"column":67}},"30":{"start":{"line":60,"column":4},"end":{"line":60,"column":42}},"31":{"start":{"line":65,"column":0},"end":{"line":73,"column":2}},"32":{"start":{"line":67,"column":15},"end":{"line":67,"column":44}},"33":{"start":{"line":68,"column":12},"end":{"line":68,"column":39}},"34":{"start":{"line":69,"column":2},"end":{"line":69,"column":22}},"35":{"start":{"line":70,"column":2},"end":{"line":70,"column":12}},"36":{"start":{"line":71,"column":2},"end":{"line":71,"column":11}},"37":{"start":{"line":75,"column":0},"end":{"line":80,"column":2}},"38":{"start":{"line":76,"column":2},"end":{"line":78,"column":3}},"39":{"start":{"line":77,"column":4},"end":{"line":77,"column":17}},"40":{"start":{"line":79,"column":2},"end":{"line":79,"column":14}},"41":{"start":{"line":83,"column":0},"end":{"line":145,"column":2}},"42":{"start":{"line":85,"column":2},"end":{"line":85,"column":25}},"43":{"start":{"line":87,"column":2},"end":{"line":87,"column":33}},"44":{"start":{"line":90,"column":15},"end":{"line":90,"column":57}},"45":{"start":{"line":91,"column":14},"end":{"line":91,"column":55}},"46":{"start":{"line":92,"column":17},"end":{"line":92,"column":61}},"47":{"start":{"line":93,"column":13},"end":{"line":93,"column":65}},"48":{"start":{"line":94,"column":13},"end":{"line":94,"column":60}},"49":{"start":{"line":95,"column":13},"end":{"line":95,"column":59}},"50":{"start":{"line":96,"column":13},"end":{"line":96,"column":23}},"51":{"start":{"line":98,"column":2},"end":{"line":143,"column":3}},"52":{"start":{"line":100,"column":16},"end":{"line":100,"column":45}},"53":{"start":{"line":101,"column":4},"end":{"line":101,"column":48}},"54":{"start":{"line":102,"column":4},"end":{"line":102,"column":31}},"55":{"start":{"line":103,"column":17},"end":{"line":103,"column":46}},"56":{"start":{"line":104,"column":4},"end":{"line":104,"column":39}},"57":{"start":{"line":105,"column":21},"end":{"line":105,"column":50}},"58":{"start":{"line":106,"column":4},"end":{"line":106,"column":48}},"59":{"start":{"line":110,"column":15},"end":{"line":110,"column":43}},"60":{"start":{"line":111,"column":4},"end":{"line":111,"column":43}},"61":{"start":{"line":112,"column":15},"end":{"line":112,"column":86}},"62":{"start":{"line":113,"column":4},"end":{"line":113,"column":25}},"63":{"start":{"line":115,"column":16},"end":{"line":115,"column":45}},"64":{"start":{"line":116,"column":4},"end":{"line":116,"column":42}},"65":{"start":{"line":118,"column":17},"end":{"line":118,"column":46}},"66":{"start":{"line":119,"column":4},"end":{"line":119,"column":40}},"67":{"start":{"line":121,"column":17},"end":{"line":121,"column":46}},"68":{"start":{"line":122,"column":4},"end":{"line":122,"column":40}},"69":{"start":{"line":124,"column":4},"end":{"line":124,"column":77}},"70":{"start":{"line":125,"column":4},"end":{"line":125,"column":110}},"71":{"start":{"line":126,"column":4},"end":{"line":126,"column":131}},"72":{"start":{"line":127,"column":4},"end":{"line":127,"column":91}},"73":{"start":{"line":128,"column":4},"end":{"line":128,"column":86}},"74":{"start":{"line":129,"column":4},"end":{"line":129,"column":84}},"75":{"start":{"line":133,"column":4},"end":{"line":133,"column":26}},"76":{"start":{"line":134,"column":4},"end":{"line":134,"column":26}},"77":{"start":{"line":135,"column":4},"end":{"line":135,"column":29}},"78":{"start":{"line":136,"column":4},"end":{"line":136,"column":30}},"79":{"start":{"line":137,"column":4},"end":{"line":137,"column":31}},"80":{"start":{"line":138,"column":4},"end":{"line":138,"column":26}},"81":{"start":{"line":140,"column":4},"end":{"line":140,"column":110}},"82":{"start":{"line":142,"column":4},"end":{"line":142,"column":49}}},"fnMap":{"0":{"name":"(anonymous_0)","decl":{"start":{"line":16,"column":23},"end":{"line":16,"column":24}},"loc":{"start":{"line":16,"column":71},"end":{"line":19,"column":1}},"line":16},"1":{"name":"(anonymous_1)","decl":{"start":{"line":22,"column":20},"end":{"line":22,"column":21}},"loc":{"start":{"line":22,"column":68},"end":{"line":53,"column":1}},"line":22},"2":{"name":"(anonymous_2)","decl":{"start":{"line":56,"column":22},"end":{"line":56,"column":23}},"loc":{"start":{"line":56,"column":75},"end":{"line":62,"column":1}},"line":56},"3":{"name":"(anonymous_3)","decl":{"start":{"line":65,"column":26},"end":{"line":65,"column":27}},"loc":{"start":{"line":65,"column":40},"end":{"line":73,"column":1}},"line":65},"4":{"name":"(anonymous_4)","decl":{"start":{"line":75,"column":21},"end":{"line":75,"column":22}},"loc":{"start":{"line":75,"column":31},"end":{"line":80,"column":1}},"line":75},"5":{"name":"(anonymous_5)","decl":{"start":{"line":83,"column":26},"end":{"line":83,"column":27}},"loc":{"start":{"line":83,"column":32},"end":{"line":145,"column":1}},"line":83}},"branchMap":{"0":{"loc":{"start":{"line":29,"column":2},"end":{"line":52,"column":3}},"type":"if","locations":[{"start":{"line":29,"column":2},"end":{"line":52,"column":3}},{"start":{"line":29,"column":2},"end":{"line":52,"column":3}}],"line":29},"1":{"loc":{"start":{"line":31,"column":9},"end":{"line":52,"column":3}},"type":"if","locations":[{"start":{"line":31,"column":9},"end":{"line":52,"column":3}},{"start":{"line":31,"column":9},"end":{"line":52,"column":3}}],"line":31},"2":{"loc":{"start":{"line":32,"column":4},"end":{"line":40,"column":5}},"type":"if","locations":[{"start":{"line":32,"column":4},"end":{"line":40,"column":5}},{"start":{"line":32,"column":4},"end":{"line":40,"column":5}}],"line":32},"3":{"loc":{"start":{"line":33,"column":6},"end":{"line":37,"column":7}},"type":"if","locations":[{"start":{"line":33,"column":6},"end":{"line":37,"column":7}},{"start":{"line":33,"column":6},"end":{"line":37,"column":7}}],"line":33},"4":{"loc":{"start":{"line":41,"column":9},"end":{"line":52,"column":3}},"type":"if","locations":[{"start":{"line":41,"column":9},"end":{"line":52,"column":3}},{"start":{"line":41,"column":9},"end":{"line":52,"column":3}}],"line":41},"5":{"loc":{"start":{"line":43,"column":9},"end":{"line":52,"column":3}},"type":"if","locations":[{"start":{"line":43,"column":9},"end":{"line":52,"column":3}},{"start":{"line":43,"column":9},"end":{"line":52,"column":3}}],"line":43},"6":{"loc":{"start":{"line":46,"column":4},"end":{"line":49,"column":5}},"type":"if","locations":[{"start":{"line":46,"column":4},"end":{"line":49,"column":5}},{"start":{"line":46,"column":4},"end":{"line":49,"column":5}}],"line":46},"7":{"loc":{"start":{"line":57,"column":2},"end":{"line":61,"column":3}},"type":"if","locations":[{"start":{"line":57,"column":2},"end":{"line":61,"column":3}},{"start":{"line":57,"column":2},"end":{"line":61,"column":3}}],"line":57},"8":{"loc":{"start":{"line":76,"column":2},"end":{"line":78,"column":3}},"type":"if","locations":[{"start":{"line":76,"column":2},"end":{"line":78,"column":3}},{"start":{"line":76,"column":2},"end":{"line":78,"column":3}}],"line":76},"9":{"loc":{"start":{"line":98,"column":2},"end":{"line":143,"column":3}},"type":"if","locations":[{"start":{"line":98,"column":2},"end":{"line":143,"column":3}},{"start":{"line":98,"column":2},"end":{"line":143,"column":3}}],"line":98}},"s":{"0":6,"1":6,"2":6,"3":29,"4":29,"5":6,"6":38,"7":38,"8":38,"9":38,"10":38,"11":38,"12":38,"13":10,"14":28,"15":4,"16":2,"17":1,"18":1,"19":2,"20":24,"21":2,"22":22,"23":10,"24":12,"25":5,"26":7,"27":6,"28":32,"29":20,"30":12,"31":6,"32":3,"33":3,"34":3,"35":3,"36":3,"37":6,"38":3,"39":1,"40":2,"41":6,"42":0,"43":0,"44":0,"45":0,"46":0,"47":0,"48":0,"49":0,"50":0,"51":0,"52":0,"53":0,"54":0,"55":0,"56":0,"57":0,"58":0,"59":0,"60":0,"61":0,"62":0,"63":0,"64":0,"65":0,"66":0,"67":0,"68":0,"69":0,"70":0,"71":0,"72":0,"73":0,"74":0,"75":0,"76":0,"77":0,"78":0,"79":0,"80":0,"81":0,"82":0},"f":{"0":29,"1":38,"2":32,"3":3,"4":3,"5":0},"b":{"0":[10,28],"1":[4,24],"2":[2,2],"3":[1,1],"4":[2,22],"5":[10,12],"6":[5,7],"7":[20,12],"8":[1,2],"9":[0,0]},"_coverageSchema":"43e27e138ebf9cfc5966b082cf9a028302ed4184","hash":"7d811d45704672208965b324b2977937336df49d"}
,"C:\\Users\\vrath\\Documents\\GitHub\\js-testing-introduction\\src\\validations.js": {"path":"C:\\Users\\vrath\\Documents\\GitHub\\js-testing-introduction\\src\\validations.js","statementMap":{"0":{"start":{"line":2,"column":0},"end":{"line":7,"column":2}},"1":{"start":{"line":3,"column":4},"end":{"line":5,"column":5}},"2":{"start":{"line":4,"column":8},"end":{"line":4,"column":20}},"3":{"start":{"line":6,"column":4},"end":{"line":6,"column":17}},"4":{"start":{"line":9,"column":0},"end":{"line":16,"column":2}},"5":{"start":{"line":10,"column":4},"end":{"line":15,"column":5}},"6":{"start":{"line":11,"column":8},"end":{"line":11,"column":20}},"7":{"start":{"line":14,"column":8},"end":{"line":14,"column":21}},"8":{"start":{"line":18,"column":0},"end":{"line":25,"column":2}},"9":{"start":{"line":19,"column":4},"end":{"line":24,"column":5}},"10":{"start":{"line":20,"column":8},"end":{"line":20,"column":20}},"11":{"start":{"line":23,"column":8},"end":{"line":23,"column":21}},"12":{"start":{"line":27,"column":0},"end":{"line":34,"column":2}},"13":{"start":{"line":28,"column":4},"end":{"line":33,"column":5}},"14":{"start":{"line":29,"column":8},"end":{"line":29,"column":20}},"15":{"start":{"line":32,"column":8},"end":{"line":32,"column":21}}},"fnMap":{"0":{"name":"(anonymous_0)","decl":{"start":{"line":2,"column":24},"end":{"line":2,"column":25}},"loc":{"start":{"line":2,"column":47},"end":{"line":7,"column":1}},"line":2},"1":{"name":"(anonymous_1)","decl":{"start":{"line":9,"column":23},"end":{"line":9,"column":24}},"loc":{"start":{"line":9,"column":33},"end":{"line":16,"column":1}},"line":9},"2":{"name":"(anonymous_2)","decl":{"start":{"line":18,"column":22},"end":{"line":18,"column":23}},"loc":{"start":{"line":18,"column":31},"end":{"line":25,"column":1}},"line":18},"3":{"name":"(anonymous_3)","decl":{"start":{"line":27,"column":25},"end":{"line":27,"column":26}},"loc":{"start":{"line":27,"column":37},"end":{"line":34,"column":1}},"line":27}},"branchMap":{"0":{"loc":{"start":{"line":3,"column":4},"end":{"line":5,"column":5}},"type":"if","locations":[{"start":{"line":3,"column":4},"end":{"line":5,"column":5}},{"start":{"line":3,"column":4},"end":{"line":5,"column":5}}],"line":3},"1":{"loc":{"start":{"line":3,"column":8},"end":{"line":3,"column":87}},"type":"binary-expr","locations":[{"start":{"line":3,"column":8},"end":{"line":3,"column":31}},{"start":{"line":3,"column":35},"end":{"line":3,"column":56}},{"start":{"line":3,"column":60},"end":{"line":3,"column":87}}],"line":3},"2":{"loc":{"start":{"line":10,"column":4},"end":{"line":15,"column":5}},"type":"if","locations":[{"start":{"line":10,"column":4},"end":{"line":15,"column":5}},{"start":{"line":10,"column":4},"end":{"line":15,"column":5}}],"line":10},"3":{"loc":{"start":{"line":19,"column":4},"end":{"line":24,"column":5}},"type":"if","locations":[{"start":{"line":19,"column":4},"end":{"line":24,"column":5}},{"start":{"line":19,"column":4},"end":{"line":24,"column":5}}],"line":19},"4":{"loc":{"start":{"line":28,"column":4},"end":{"line":33,"column":5}},"type":"if","locations":[{"start":{"line":28,"column":4},"end":{"line":33,"column":5}},{"start":{"line":28,"column":4},"end":{"line":33,"column":5}}],"line":28}},"s":{"0":7,"1":6,"2":1,"3":5,"4":7,"5":10,"6":6,"7":4,"8":7,"9":8,"10":3,"11":5,"12":7,"13":6,"14":4,"15":2},"f":{"0":6,"1":10,"2":8,"3":6},"b":{"0":[1,5],"1":[6,4,1],"2":[6,4],"3":[3,5],"4":[4,2]},"_coverageSchema":"43e27e138ebf9cfc5966b082cf9a028302ed4184","hash":"6e78d0cce7518e0432d6e5cd2aebd119c9d36838"}
}
