TN:
SF:C:\Users\vrath\Documents\GitHub\js-testing-introduction\src\util.js
FN:16,(anonymous_0)
FN:22,(anonymous_1)
FN:56,(anonymous_2)
FN:65,(anonymous_3)
FN:75,(anonymous_4)
FN:83,(anonymous_5)
FNF:6
FNH:5
FNDA:29,(anonymous_0)
FNDA:38,(anonymous_1)
FNDA:32,(anonymous_2)
FNDA:3,(anonymous_3)
FNDA:3,(anonymous_4)
FNDA:0,(anonymous_5)
DA:1,6
DA:4,6
DA:16,6
DA:17,29
DA:18,29
DA:22,6
DA:23,38
DA:24,38
DA:25,38
DA:26,38
DA:27,38
DA:28,38
DA:29,38
DA:30,10
DA:31,28
DA:32,4
DA:33,2
DA:34,1
DA:36,1
DA:39,2
DA:41,24
DA:42,2
DA:43,22
DA:44,10
DA:46,12
DA:47,5
DA:50,7
DA:56,6
DA:57,32
DA:58,20
DA:60,12
DA:65,6
DA:67,3
DA:68,3
DA:69,3
DA:70,3
DA:71,3
DA:75,6
DA:76,3
DA:77,1
DA:79,2
DA:83,6
DA:85,0
DA:87,0
DA:90,0
DA:91,0
DA:92,0
DA:93,0
DA:94,0
DA:95,0
DA:96,0
DA:98,0
DA:100,0
DA:101,0
DA:102,0
DA:103,0
DA:104,0
DA:105,0
DA:106,0
DA:110,0
DA:111,0
DA:112,0
DA:113,0
DA:115,0
DA:116,0
DA:118,0
DA:119,0
DA:121,0
DA:122,0
DA:124,0
DA:125,0
DA:126,0
DA:127,0
DA:128,0
DA:129,0
DA:133,0
DA:134,0
DA:135,0
DA:136,0
DA:137,0
DA:138,0
DA:140,0
DA:142,0
LF:83
LH:42
BRDA:29,0,0,10
BRDA:29,0,1,28
BRDA:31,1,0,4
BRDA:31,1,1,24
BRDA:32,2,0,2
BRDA:32,2,1,2
BRDA:33,3,0,1
BRDA:33,3,1,1
BRDA:41,4,0,2
BRDA:41,4,1,22
BRDA:43,5,0,10
BRDA:43,5,1,12
BRDA:46,6,0,5
BRDA:46,6,1,7
BRDA:57,7,0,20
BRDA:57,7,1,12
BRDA:76,8,0,1
BRDA:76,8,1,2
BRDA:98,9,0,0
BRDA:98,9,1,0
BRF:20
BRH:18
end_of_record
TN:
SF:C:\Users\vrath\Documents\GitHub\js-testing-introduction\src\validations.js
FN:2,(anonymous_0)
FN:9,(anonymous_1)
FN:18,(anonymous_2)
FN:27,(anonymous_3)
FNF:4
FNH:4
FNDA:6,(anonymous_0)
FNDA:10,(anonymous_1)
FNDA:8,(anonymous_2)
FNDA:6,(anonymous_3)
DA:2,7
DA:3,6
DA:4,1
DA:6,5
DA:9,7
DA:10,10
DA:11,6
DA:14,4
DA:18,7
DA:19,8
DA:20,3
DA:23,5
DA:27,7
DA:28,6
DA:29,4
DA:32,2
LF:16
LH:16
BRDA:3,0,0,1
BRDA:3,0,1,5
BRDA:3,1,0,6
BRDA:3,1,1,4
BRDA:3,1,2,1
BRDA:10,2,0,6
BRDA:10,2,1,4
BRDA:19,3,0,3
BRDA:19,3,1,5
BRDA:28,4,0,4
BRDA:28,4,1,2
BRF:11
BRH:11
end_of_record
